[2022-01-14 07:21:37] local.DEBUG: created category  
[2022-01-14 07:36:54] local.DEBUG: created category  
[2022-01-14 07:36:54] local.DEBUG: created category  
[2022-01-14 07:36:54] local.DEBUG: created category  
[2022-01-14 07:36:54] local.DEBUG: created category  
[2022-01-14 07:36:54] local.DEBUG: created category  
[2022-01-14 07:36:54] local.DEBUG: created category  
[2022-01-14 07:36:54] local.DEBUG: created category  
[2022-01-14 07:36:54] local.DEBUG: created category  
[2022-01-14 07:36:54] local.DEBUG: created category  
[2022-01-14 07:36:54] local.DEBUG: created category  
[2022-01-14 07:36:54] local.DEBUG: created category  
[2022-01-14 07:36:54] local.DEBUG: created category  
[2022-01-14 07:36:54] local.DEBUG: created category  
[2022-01-14 07:36:54] local.DEBUG: created category  
[2022-01-14 07:36:54] local.DEBUG: created category  
[2022-01-14 07:37:13] local.ERROR: Can't write image data to path (storage/thumbnail/61e1282954b5d_photo.jpg) {"userId":1,"exception":"[object] (Intervention\\Image\\Exception\\NotWritableException(code: 0): Can't write image data to path (storage/thumbnail/61e1282954b5d_photo.jpg) at /home/developer/Desktop/frame/vendor/intervention/image/src/Intervention/Image/Image.php:150)
[stacktrace]
#0 /home/developer/Desktop/frame/app/Http/Controllers/PostController.php(89): Intervention\\Image\\Image->save()
#1 /home/developer/Desktop/frame/vendor/laravel/framework/src/Illuminate/Database/Concerns/ManagesTransactions.php(29): App\\Http\\Controllers\\PostController->App\\Http\\Controllers\\{closure}()
#2 /home/developer/Desktop/frame/vendor/laravel/framework/src/Illuminate/Database/DatabaseManager.php(388): Illuminate\\Database\\Connection->transaction()
#3 /home/developer/Desktop/frame/vendor/laravel/framework/src/Illuminate/Support/Facades/Facade.php(261): Illuminate\\Database\\DatabaseManager->__call()
#4 /home/developer/Desktop/frame/app/Http/Controllers/PostController.php(98): Illuminate\\Support\\Facades\\Facade::__callStatic()
#5 /home/developer/Desktop/frame/vendor/laravel/framework/src/Illuminate/Routing/Controller.php(54): App\\Http\\Controllers\\PostController->store()
#6 /home/developer/Desktop/frame/vendor/laravel/framework/src/Illuminate/Routing/ControllerDispatcher.php(45): Illuminate\\Routing\\Controller->callAction()
#7 /home/developer/Desktop/frame/vendor/laravel/framework/src/Illuminate/Routing/Route.php(262): Illuminate\\Routing\\ControllerDispatcher->dispatch()
#8 /home/developer/Desktop/frame/vendor/laravel/framework/src/Illuminate/Routing/Route.php(205): Illuminate\\Routing\\Route->runController()
#9 /home/developer/Desktop/frame/vendor/laravel/framework/src/Illuminate/Routing/Router.php(695): Illuminate\\Routing\\Route->run()
#10 /home/developer/Desktop/frame/vendor/laravel/framework/src/Illuminate/Pipeline/Pipeline.php(128): Illuminate\\Routing\\Router->Illuminate\\Routing\\{closure}()
#11 /home/developer/Desktop/frame/vendor/laravel/framework/src/Illuminate/Routing/Middleware/SubstituteBindings.php(50): Illuminate\\Pipeline\\Pipeline->Illuminate\\Pipeline\\{closure}()
#12 /home/developer/Desktop/frame/vendor/laravel/framework/src/Illuminate/Pipeline/Pipeline.php(167): Illuminate\\Routing\\Middleware\\SubstituteBindings->handle()
#13 /home/developer/Desktop/frame/vendor/laravel/framework/src/Illuminate/Auth/Middleware/Authenticate.php(44): Illuminate\\Pipeline\\Pipeline->Illuminate\\Pipeline\\{closure}()
#14 /home/developer/Desktop/frame/vendor/laravel/framework/src/Illuminate/Pipeline/Pipeline.php(167): Illuminate\\Auth\\Middleware\\Authenticate->handle()
#15 /home/developer/Desktop/frame/vendor/laravel/framework/src/Illuminate/Foundation/Http/Middleware/VerifyCsrfToken.php(78): Illuminate\\Pipeline\\Pipeline->Illuminate\\Pipeline\\{closure}()
#16 /home/developer/Desktop/frame/vendor/laravel/framework/src/Illuminate/Pipeline/Pipeline.php(167): Illuminate\\Foundation\\Http\\Middleware\\VerifyCsrfToken->handle()
#17 /home/developer/Desktop/frame/vendor/laravel/framework/src/Illuminate/View/Middleware/ShareErrorsFromSession.php(49): Illuminate\\Pipeline\\Pipeline->Illuminate\\Pipeline\\{closure}()
#18 /home/developer/Desktop/frame/vendor/laravel/framework/src/Illuminate/Pipeline/Pipeline.php(167): Illuminate\\View\\Middleware\\ShareErrorsFromSession->handle()
#19 /home/developer/Desktop/frame/vendor/laravel/framework/src/Illuminate/Session/Middleware/StartSession.php(121): Illuminate\\Pipeline\\Pipeline->Illuminate\\Pipeline\\{closure}()
#20 /home/developer/Desktop/frame/vendor/laravel/framework/src/Illuminate/Session/Middleware/StartSession.php(64): Illuminate\\Session\\Middleware\\StartSession->handleStatefulRequest()
#21 /home/developer/Desktop/frame/vendor/laravel/framework/src/Illuminate/Pipeline/Pipeline.php(167): Illuminate\\Session\\Middleware\\StartSession->handle()
#22 /home/developer/Desktop/frame/vendor/laravel/framework/src/Illuminate/Cookie/Middleware/AddQueuedCookiesToResponse.php(37): Illuminate\\Pipeline\\Pipeline->Illuminate\\Pipeline\\{closure}()
#23 /home/developer/Desktop/frame/vendor/laravel/framework/src/Illuminate/Pipeline/Pipeline.php(167): Illuminate\\Cookie\\Middleware\\AddQueuedCookiesToResponse->handle()
#24 /home/developer/Desktop/frame/vendor/laravel/framework/src/Illuminate/Cookie/Middleware/EncryptCookies.php(67): Illuminate\\Pipeline\\Pipeline->Illuminate\\Pipeline\\{closure}()
#25 /home/developer/Desktop/frame/vendor/laravel/framework/src/Illuminate/Pipeline/Pipeline.php(167): Illuminate\\Cookie\\Middleware\\EncryptCookies->handle()
#26 /home/developer/Desktop/frame/vendor/laravel/framework/src/Illuminate/Pipeline/Pipeline.php(103): Illuminate\\Pipeline\\Pipeline->Illuminate\\Pipeline\\{closure}()
#27 /home/developer/Desktop/frame/vendor/laravel/framework/src/Illuminate/Routing/Router.php(697): Illuminate\\Pipeline\\Pipeline->then()
#28 /home/developer/Desktop/frame/vendor/laravel/framework/src/Illuminate/Routing/Router.php(672): Illuminate\\Routing\\Router->runRouteWithinStack()
#29 /home/developer/Desktop/frame/vendor/laravel/framework/src/Illuminate/Routing/Router.php(636): Illuminate\\Routing\\Router->runRoute()
#30 /home/developer/Desktop/frame/vendor/laravel/framework/src/Illuminate/Routing/Router.php(625): Illuminate\\Routing\\Router->dispatchToRoute()
#31 /home/developer/Desktop/frame/vendor/laravel/framework/src/Illuminate/Foundation/Http/Kernel.php(167): Illuminate\\Routing\\Router->dispatch()
#32 /home/developer/Desktop/frame/vendor/laravel/framework/src/Illuminate/Pipeline/Pipeline.php(128): Illuminate\\Foundation\\Http\\Kernel->Illuminate\\Foundation\\Http\\{closure}()
#33 /home/developer/Desktop/frame/vendor/laravel/framework/src/Illuminate/Foundation/Http/Middleware/TransformsRequest.php(21): Illuminate\\Pipeline\\Pipeline->Illuminate\\Pipeline\\{closure}()
#34 /home/developer/Desktop/frame/vendor/laravel/framework/src/Illuminate/Foundation/Http/Middleware/ConvertEmptyStringsToNull.php(31): Illuminate\\Foundation\\Http\\Middleware\\TransformsRequest->handle()
#35 /home/developer/Desktop/frame/vendor/laravel/framework/src/Illuminate/Pipeline/Pipeline.php(167): Illuminate\\Foundation\\Http\\Middleware\\ConvertEmptyStringsToNull->handle()
#36 /home/developer/Desktop/frame/vendor/laravel/framework/src/Illuminate/Foundation/Http/Middleware/TransformsRequest.php(21): Illuminate\\Pipeline\\Pipeline->Illuminate\\Pipeline\\{closure}()
#37 /home/developer/Desktop/frame/vendor/laravel/framework/src/Illuminate/Foundation/Http/Middleware/TrimStrings.php(40): Illuminate\\Foundation\\Http\\Middleware\\TransformsRequest->handle()
#38 /home/developer/Desktop/frame/vendor/laravel/framework/src/Illuminate/Pipeline/Pipeline.php(167): Illuminate\\Foundation\\Http\\Middleware\\TrimStrings->handle()
#39 /home/developer/Desktop/frame/vendor/laravel/framework/src/Illuminate/Foundation/Http/Middleware/ValidatePostSize.php(27): Illuminate\\Pipeline\\Pipeline->Illuminate\\Pipeline\\{closure}()
#40 /home/developer/Desktop/frame/vendor/laravel/framework/src/Illuminate/Pipeline/Pipeline.php(167): Illuminate\\Foundation\\Http\\Middleware\\ValidatePostSize->handle()
#41 /home/developer/Desktop/frame/vendor/laravel/framework/src/Illuminate/Foundation/Http/Middleware/PreventRequestsDuringMaintenance.php(86): Illuminate\\Pipeline\\Pipeline->Illuminate\\Pipeline\\{closure}()
#42 /home/developer/Desktop/frame/vendor/laravel/framework/src/Illuminate/Pipeline/Pipeline.php(167): Illuminate\\Foundation\\Http\\Middleware\\PreventRequestsDuringMaintenance->handle()
#43 /home/developer/Desktop/frame/vendor/fruitcake/laravel-cors/src/HandleCors.php(38): Illuminate\\Pipeline\\Pipeline->Illuminate\\Pipeline\\{closure}()
#44 /home/developer/Desktop/frame/vendor/laravel/framework/src/Illuminate/Pipeline/Pipeline.php(167): Fruitcake\\Cors\\HandleCors->handle()
#45 /home/developer/Desktop/frame/vendor/laravel/framework/src/Illuminate/Http/Middleware/TrustProxies.php(39): Illuminate\\Pipeline\\Pipeline->Illuminate\\Pipeline\\{closure}()
#46 /home/developer/Desktop/frame/vendor/laravel/framework/src/Illuminate/Pipeline/Pipeline.php(167): Illuminate\\Http\\Middleware\\TrustProxies->handle()
#47 /home/developer/Desktop/frame/vendor/laravel/framework/src/Illuminate/Pipeline/Pipeline.php(103): Illuminate\\Pipeline\\Pipeline->Illuminate\\Pipeline\\{closure}()
#48 /home/developer/Desktop/frame/vendor/laravel/framework/src/Illuminate/Foundation/Http/Kernel.php(142): Illuminate\\Pipeline\\Pipeline->then()
#49 /home/developer/Desktop/frame/vendor/laravel/framework/src/Illuminate/Foundation/Http/Kernel.php(111): Illuminate\\Foundation\\Http\\Kernel->sendRequestThroughRouter()
#50 /home/developer/Desktop/frame/public/index.php(52): Illuminate\\Foundation\\Http\\Kernel->handle()
#51 /home/developer/Desktop/frame/server.php(21): require_once('...')
#52 {main}
"} 
[2022-01-14 07:46:00] local.ERROR: Can't write image data to path (storage/thumbnail/61e12a38b2fe4_photo.jpg) {"userId":1,"exception":"[object] (Intervention\\Image\\Exception\\NotWritableException(code: 0): Can't write image data to path (storage/thumbnail/61e12a38b2fe4_photo.jpg) at /home/developer/Desktop/frame/vendor/intervention/image/src/Intervention/Image/Image.php:150)
[stacktrace]
#0 /home/developer/Desktop/frame/app/Http/Controllers/PostController.php(92): Intervention\\Image\\Image->save()
#1 /home/developer/Desktop/frame/vendor/laravel/framework/src/Illuminate/Routing/Controller.php(54): App\\Http\\Controllers\\PostController->store()
#2 /home/developer/Desktop/frame/vendor/laravel/framework/src/Illuminate/Routing/ControllerDispatcher.php(45): Illuminate\\Routing\\Controller->callAction()
#3 /home/developer/Desktop/frame/vendor/laravel/framework/src/Illuminate/Routing/Route.php(262): Illuminate\\Routing\\ControllerDispatcher->dispatch()
#4 /home/developer/Desktop/frame/vendor/laravel/framework/src/Illuminate/Routing/Route.php(205): Illuminate\\Routing\\Route->runController()
#5 /home/developer/Desktop/frame/vendor/laravel/framework/src/Illuminate/Routing/Router.php(695): Illuminate\\Routing\\Route->run()
#6 /home/developer/Desktop/frame/vendor/laravel/framework/src/Illuminate/Pipeline/Pipeline.php(128): Illuminate\\Routing\\Router->Illuminate\\Routing\\{closure}()
#7 /home/developer/Desktop/frame/vendor/laravel/framework/src/Illuminate/Routing/Middleware/SubstituteBindings.php(50): Illuminate\\Pipeline\\Pipeline->Illuminate\\Pipeline\\{closure}()
#8 /home/developer/Desktop/frame/vendor/laravel/framework/src/Illuminate/Pipeline/Pipeline.php(167): Illuminate\\Routing\\Middleware\\SubstituteBindings->handle()
#9 /home/developer/Desktop/frame/vendor/laravel/framework/src/Illuminate/Auth/Middleware/Authenticate.php(44): Illuminate\\Pipeline\\Pipeline->Illuminate\\Pipeline\\{closure}()
#10 /home/developer/Desktop/frame/vendor/laravel/framework/src/Illuminate/Pipeline/Pipeline.php(167): Illuminate\\Auth\\Middleware\\Authenticate->handle()
#11 /home/developer/Desktop/frame/vendor/laravel/framework/src/Illuminate/Foundation/Http/Middleware/VerifyCsrfToken.php(78): Illuminate\\Pipeline\\Pipeline->Illuminate\\Pipeline\\{closure}()
#12 /home/developer/Desktop/frame/vendor/laravel/framework/src/Illuminate/Pipeline/Pipeline.php(167): Illuminate\\Foundation\\Http\\Middleware\\VerifyCsrfToken->handle()
#13 /home/developer/Desktop/frame/vendor/laravel/framework/src/Illuminate/View/Middleware/ShareErrorsFromSession.php(49): Illuminate\\Pipeline\\Pipeline->Illuminate\\Pipeline\\{closure}()
#14 /home/developer/Desktop/frame/vendor/laravel/framework/src/Illuminate/Pipeline/Pipeline.php(167): Illuminate\\View\\Middleware\\ShareErrorsFromSession->handle()
#15 /home/developer/Desktop/frame/vendor/laravel/framework/src/Illuminate/Session/Middleware/StartSession.php(121): Illuminate\\Pipeline\\Pipeline->Illuminate\\Pipeline\\{closure}()
#16 /home/developer/Desktop/frame/vendor/laravel/framework/src/Illuminate/Session/Middleware/StartSession.php(64): Illuminate\\Session\\Middleware\\StartSession->handleStatefulRequest()
#17 /home/developer/Desktop/frame/vendor/laravel/framework/src/Illuminate/Pipeline/Pipeline.php(167): Illuminate\\Session\\Middleware\\StartSession->handle()
#18 /home/developer/Desktop/frame/vendor/laravel/framework/src/Illuminate/Cookie/Middleware/AddQueuedCookiesToResponse.php(37): Illuminate\\Pipeline\\Pipeline->Illuminate\\Pipeline\\{closure}()
#19 /home/developer/Desktop/frame/vendor/laravel/framework/src/Illuminate/Pipeline/Pipeline.php(167): Illuminate\\Cookie\\Middleware\\AddQueuedCookiesToResponse->handle()
#20 /home/developer/Desktop/frame/vendor/laravel/framework/src/Illuminate/Cookie/Middleware/EncryptCookies.php(67): Illuminate\\Pipeline\\Pipeline->Illuminate\\Pipeline\\{closure}()
#21 /home/developer/Desktop/frame/vendor/laravel/framework/src/Illuminate/Pipeline/Pipeline.php(167): Illuminate\\Cookie\\Middleware\\EncryptCookies->handle()
#22 /home/developer/Desktop/frame/vendor/laravel/framework/src/Illuminate/Pipeline/Pipeline.php(103): Illuminate\\Pipeline\\Pipeline->Illuminate\\Pipeline\\{closure}()
#23 /home/developer/Desktop/frame/vendor/laravel/framework/src/Illuminate/Routing/Router.php(697): Illuminate\\Pipeline\\Pipeline->then()
#24 /home/developer/Desktop/frame/vendor/laravel/framework/src/Illuminate/Routing/Router.php(672): Illuminate\\Routing\\Router->runRouteWithinStack()
#25 /home/developer/Desktop/frame/vendor/laravel/framework/src/Illuminate/Routing/Router.php(636): Illuminate\\Routing\\Router->runRoute()
#26 /home/developer/Desktop/frame/vendor/laravel/framework/src/Illuminate/Routing/Router.php(625): Illuminate\\Routing\\Router->dispatchToRoute()
#27 /home/developer/Desktop/frame/vendor/laravel/framework/src/Illuminate/Foundation/Http/Kernel.php(167): Illuminate\\Routing\\Router->dispatch()
#28 /home/developer/Desktop/frame/vendor/laravel/framework/src/Illuminate/Pipeline/Pipeline.php(128): Illuminate\\Foundation\\Http\\Kernel->Illuminate\\Foundation\\Http\\{closure}()
#29 /home/developer/Desktop/frame/vendor/laravel/framework/src/Illuminate/Foundation/Http/Middleware/TransformsRequest.php(21): Illuminate\\Pipeline\\Pipeline->Illuminate\\Pipeline\\{closure}()
#30 /home/developer/Desktop/frame/vendor/laravel/framework/src/Illuminate/Foundation/Http/Middleware/ConvertEmptyStringsToNull.php(31): Illuminate\\Foundation\\Http\\Middleware\\TransformsRequest->handle()
#31 /home/developer/Desktop/frame/vendor/laravel/framework/src/Illuminate/Pipeline/Pipeline.php(167): Illuminate\\Foundation\\Http\\Middleware\\ConvertEmptyStringsToNull->handle()
#32 /home/developer/Desktop/frame/vendor/laravel/framework/src/Illuminate/Foundation/Http/Middleware/TransformsRequest.php(21): Illuminate\\Pipeline\\Pipeline->Illuminate\\Pipeline\\{closure}()
#33 /home/developer/Desktop/frame/vendor/laravel/framework/src/Illuminate/Foundation/Http/Middleware/TrimStrings.php(40): Illuminate\\Foundation\\Http\\Middleware\\TransformsRequest->handle()
#34 /home/developer/Desktop/frame/vendor/laravel/framework/src/Illuminate/Pipeline/Pipeline.php(167): Illuminate\\Foundation\\Http\\Middleware\\TrimStrings->handle()
#35 /home/developer/Desktop/frame/vendor/laravel/framework/src/Illuminate/Foundation/Http/Middleware/ValidatePostSize.php(27): Illuminate\\Pipeline\\Pipeline->Illuminate\\Pipeline\\{closure}()
#36 /home/developer/Desktop/frame/vendor/laravel/framework/src/Illuminate/Pipeline/Pipeline.php(167): Illuminate\\Foundation\\Http\\Middleware\\ValidatePostSize->handle()
#37 /home/developer/Desktop/frame/vendor/laravel/framework/src/Illuminate/Foundation/Http/Middleware/PreventRequestsDuringMaintenance.php(86): Illuminate\\Pipeline\\Pipeline->Illuminate\\Pipeline\\{closure}()
#38 /home/developer/Desktop/frame/vendor/laravel/framework/src/Illuminate/Pipeline/Pipeline.php(167): Illuminate\\Foundation\\Http\\Middleware\\PreventRequestsDuringMaintenance->handle()
#39 /home/developer/Desktop/frame/vendor/fruitcake/laravel-cors/src/HandleCors.php(38): Illuminate\\Pipeline\\Pipeline->Illuminate\\Pipeline\\{closure}()
#40 /home/developer/Desktop/frame/vendor/laravel/framework/src/Illuminate/Pipeline/Pipeline.php(167): Fruitcake\\Cors\\HandleCors->handle()
#41 /home/developer/Desktop/frame/vendor/laravel/framework/src/Illuminate/Http/Middleware/TrustProxies.php(39): Illuminate\\Pipeline\\Pipeline->Illuminate\\Pipeline\\{closure}()
#42 /home/developer/Desktop/frame/vendor/laravel/framework/src/Illuminate/Pipeline/Pipeline.php(167): Illuminate\\Http\\Middleware\\TrustProxies->handle()
#43 /home/developer/Desktop/frame/vendor/laravel/framework/src/Illuminate/Pipeline/Pipeline.php(103): Illuminate\\Pipeline\\Pipeline->Illuminate\\Pipeline\\{closure}()
#44 /home/developer/Desktop/frame/vendor/laravel/framework/src/Illuminate/Foundation/Http/Kernel.php(142): Illuminate\\Pipeline\\Pipeline->then()
#45 /home/developer/Desktop/frame/vendor/laravel/framework/src/Illuminate/Foundation/Http/Kernel.php(111): Illuminate\\Foundation\\Http\\Kernel->sendRequestThroughRouter()
#46 /home/developer/Desktop/frame/public/index.php(52): Illuminate\\Foundation\\Http\\Kernel->handle()
#47 /home/developer/Desktop/frame/server.php(21): require_once('...')
#48 {main}
"} 
[2022-01-14 07:49:09] local.ERROR: Can't write image data to path (storage/thumbnail/61e12af50708e_photo.jpg) {"userId":1,"exception":"[object] (Intervention\\Image\\Exception\\NotWritableException(code: 0): Can't write image data to path (storage/thumbnail/61e12af50708e_photo.jpg) at /home/developer/Desktop/frame/vendor/intervention/image/src/Intervention/Image/Image.php:150)
[stacktrace]
#0 /home/developer/Desktop/frame/app/Http/Controllers/PostController.php(91): Intervention\\Image\\Image->save()
#1 /home/developer/Desktop/frame/vendor/laravel/framework/src/Illuminate/Routing/Controller.php(54): App\\Http\\Controllers\\PostController->store()
#2 /home/developer/Desktop/frame/vendor/laravel/framework/src/Illuminate/Routing/ControllerDispatcher.php(45): Illuminate\\Routing\\Controller->callAction()
#3 /home/developer/Desktop/frame/vendor/laravel/framework/src/Illuminate/Routing/Route.php(262): Illuminate\\Routing\\ControllerDispatcher->dispatch()
#4 /home/developer/Desktop/frame/vendor/laravel/framework/src/Illuminate/Routing/Route.php(205): Illuminate\\Routing\\Route->runController()
#5 /home/developer/Desktop/frame/vendor/laravel/framework/src/Illuminate/Routing/Router.php(695): Illuminate\\Routing\\Route->run()
#6 /home/developer/Desktop/frame/vendor/laravel/framework/src/Illuminate/Pipeline/Pipeline.php(128): Illuminate\\Routing\\Router->Illuminate\\Routing\\{closure}()
#7 /home/developer/Desktop/frame/vendor/laravel/framework/src/Illuminate/Routing/Middleware/SubstituteBindings.php(50): Illuminate\\Pipeline\\Pipeline->Illuminate\\Pipeline\\{closure}()
#8 /home/developer/Desktop/frame/vendor/laravel/framework/src/Illuminate/Pipeline/Pipeline.php(167): Illuminate\\Routing\\Middleware\\SubstituteBindings->handle()
#9 /home/developer/Desktop/frame/vendor/laravel/framework/src/Illuminate/Auth/Middleware/Authenticate.php(44): Illuminate\\Pipeline\\Pipeline->Illuminate\\Pipeline\\{closure}()
#10 /home/developer/Desktop/frame/vendor/laravel/framework/src/Illuminate/Pipeline/Pipeline.php(167): Illuminate\\Auth\\Middleware\\Authenticate->handle()
#11 /home/developer/Desktop/frame/vendor/laravel/framework/src/Illuminate/Foundation/Http/Middleware/VerifyCsrfToken.php(78): Illuminate\\Pipeline\\Pipeline->Illuminate\\Pipeline\\{closure}()
#12 /home/developer/Desktop/frame/vendor/laravel/framework/src/Illuminate/Pipeline/Pipeline.php(167): Illuminate\\Foundation\\Http\\Middleware\\VerifyCsrfToken->handle()
#13 /home/developer/Desktop/frame/vendor/laravel/framework/src/Illuminate/View/Middleware/ShareErrorsFromSession.php(49): Illuminate\\Pipeline\\Pipeline->Illuminate\\Pipeline\\{closure}()
#14 /home/developer/Desktop/frame/vendor/laravel/framework/src/Illuminate/Pipeline/Pipeline.php(167): Illuminate\\View\\Middleware\\ShareErrorsFromSession->handle()
#15 /home/developer/Desktop/frame/vendor/laravel/framework/src/Illuminate/Session/Middleware/StartSession.php(121): Illuminate\\Pipeline\\Pipeline->Illuminate\\Pipeline\\{closure}()
#16 /home/developer/Desktop/frame/vendor/laravel/framework/src/Illuminate/Session/Middleware/StartSession.php(64): Illuminate\\Session\\Middleware\\StartSession->handleStatefulRequest()
#17 /home/developer/Desktop/frame/vendor/laravel/framework/src/Illuminate/Pipeline/Pipeline.php(167): Illuminate\\Session\\Middleware\\StartSession->handle()
#18 /home/developer/Desktop/frame/vendor/laravel/framework/src/Illuminate/Cookie/Middleware/AddQueuedCookiesToResponse.php(37): Illuminate\\Pipeline\\Pipeline->Illuminate\\Pipeline\\{closure}()
#19 /home/developer/Desktop/frame/vendor/laravel/framework/src/Illuminate/Pipeline/Pipeline.php(167): Illuminate\\Cookie\\Middleware\\AddQueuedCookiesToResponse->handle()
#20 /home/developer/Desktop/frame/vendor/laravel/framework/src/Illuminate/Cookie/Middleware/EncryptCookies.php(67): Illuminate\\Pipeline\\Pipeline->Illuminate\\Pipeline\\{closure}()
#21 /home/developer/Desktop/frame/vendor/laravel/framework/src/Illuminate/Pipeline/Pipeline.php(167): Illuminate\\Cookie\\Middleware\\EncryptCookies->handle()
#22 /home/developer/Desktop/frame/vendor/laravel/framework/src/Illuminate/Pipeline/Pipeline.php(103): Illuminate\\Pipeline\\Pipeline->Illuminate\\Pipeline\\{closure}()
#23 /home/developer/Desktop/frame/vendor/laravel/framework/src/Illuminate/Routing/Router.php(697): Illuminate\\Pipeline\\Pipeline->then()
#24 /home/developer/Desktop/frame/vendor/laravel/framework/src/Illuminate/Routing/Router.php(672): Illuminate\\Routing\\Router->runRouteWithinStack()
#25 /home/developer/Desktop/frame/vendor/laravel/framework/src/Illuminate/Routing/Router.php(636): Illuminate\\Routing\\Router->runRoute()
#26 /home/developer/Desktop/frame/vendor/laravel/framework/src/Illuminate/Routing/Router.php(625): Illuminate\\Routing\\Router->dispatchToRoute()
#27 /home/developer/Desktop/frame/vendor/laravel/framework/src/Illuminate/Foundation/Http/Kernel.php(167): Illuminate\\Routing\\Router->dispatch()
#28 /home/developer/Desktop/frame/vendor/laravel/framework/src/Illuminate/Pipeline/Pipeline.php(128): Illuminate\\Foundation\\Http\\Kernel->Illuminate\\Foundation\\Http\\{closure}()
#29 /home/developer/Desktop/frame/vendor/laravel/framework/src/Illuminate/Foundation/Http/Middleware/TransformsRequest.php(21): Illuminate\\Pipeline\\Pipeline->Illuminate\\Pipeline\\{closure}()
#30 /home/developer/Desktop/frame/vendor/laravel/framework/src/Illuminate/Foundation/Http/Middleware/ConvertEmptyStringsToNull.php(31): Illuminate\\Foundation\\Http\\Middleware\\TransformsRequest->handle()
#31 /home/developer/Desktop/frame/vendor/laravel/framework/src/Illuminate/Pipeline/Pipeline.php(167): Illuminate\\Foundation\\Http\\Middleware\\ConvertEmptyStringsToNull->handle()
#32 /home/developer/Desktop/frame/vendor/laravel/framework/src/Illuminate/Foundation/Http/Middleware/TransformsRequest.php(21): Illuminate\\Pipeline\\Pipeline->Illuminate\\Pipeline\\{closure}()
#33 /home/developer/Desktop/frame/vendor/laravel/framework/src/Illuminate/Foundation/Http/Middleware/TrimStrings.php(40): Illuminate\\Foundation\\Http\\Middleware\\TransformsRequest->handle()
#34 /home/developer/Desktop/frame/vendor/laravel/framework/src/Illuminate/Pipeline/Pipeline.php(167): Illuminate\\Foundation\\Http\\Middleware\\TrimStrings->handle()
#35 /home/developer/Desktop/frame/vendor/laravel/framework/src/Illuminate/Foundation/Http/Middleware/ValidatePostSize.php(27): Illuminate\\Pipeline\\Pipeline->Illuminate\\Pipeline\\{closure}()
#36 /home/developer/Desktop/frame/vendor/laravel/framework/src/Illuminate/Pipeline/Pipeline.php(167): Illuminate\\Foundation\\Http\\Middleware\\ValidatePostSize->handle()
#37 /home/developer/Desktop/frame/vendor/laravel/framework/src/Illuminate/Foundation/Http/Middleware/PreventRequestsDuringMaintenance.php(86): Illuminate\\Pipeline\\Pipeline->Illuminate\\Pipeline\\{closure}()
#38 /home/developer/Desktop/frame/vendor/laravel/framework/src/Illuminate/Pipeline/Pipeline.php(167): Illuminate\\Foundation\\Http\\Middleware\\PreventRequestsDuringMaintenance->handle()
#39 /home/developer/Desktop/frame/vendor/fruitcake/laravel-cors/src/HandleCors.php(38): Illuminate\\Pipeline\\Pipeline->Illuminate\\Pipeline\\{closure}()
#40 /home/developer/Desktop/frame/vendor/laravel/framework/src/Illuminate/Pipeline/Pipeline.php(167): Fruitcake\\Cors\\HandleCors->handle()
#41 /home/developer/Desktop/frame/vendor/laravel/framework/src/Illuminate/Http/Middleware/TrustProxies.php(39): Illuminate\\Pipeline\\Pipeline->Illuminate\\Pipeline\\{closure}()
#42 /home/developer/Desktop/frame/vendor/laravel/framework/src/Illuminate/Pipeline/Pipeline.php(167): Illuminate\\Http\\Middleware\\TrustProxies->handle()
#43 /home/developer/Desktop/frame/vendor/laravel/framework/src/Illuminate/Pipeline/Pipeline.php(103): Illuminate\\Pipeline\\Pipeline->Illuminate\\Pipeline\\{closure}()
#44 /home/developer/Desktop/frame/vendor/laravel/framework/src/Illuminate/Foundation/Http/Kernel.php(142): Illuminate\\Pipeline\\Pipeline->then()
#45 /home/developer/Desktop/frame/vendor/laravel/framework/src/Illuminate/Foundation/Http/Kernel.php(111): Illuminate\\Foundation\\Http\\Kernel->sendRequestThroughRouter()
#46 /home/developer/Desktop/frame/public/index.php(52): Illuminate\\Foundation\\Http\\Kernel->handle()
#47 /home/developer/Desktop/frame/server.php(21): require_once('...')
#48 {main}
"} 
[2022-01-14 07:55:00] local.ERROR: You requested 1 items, but there are only 0 items available. {"exception":"[object] (InvalidArgumentException(code: 0): You requested 1 items, but there are only 0 items available. at /home/developer/Desktop/frame/vendor/laravel/framework/src/Illuminate/Collections/Arr.php:554)
[stacktrace]
#0 /home/developer/Desktop/frame/vendor/laravel/framework/src/Illuminate/Collections/Collection.php(933): Illuminate\\Support\\Arr::random()
#1 /home/developer/Desktop/frame/database/factories/CategoryFactory.php(19): Illuminate\\Support\\Collection->random()
#2 /home/developer/Desktop/frame/vendor/laravel/framework/src/Illuminate/Database/Eloquent/Factories/Factory.php(424): Database\\Factories\\CategoryFactory->definition()
#3 /home/developer/Desktop/frame/vendor/laravel/framework/src/Illuminate/Database/Eloquent/Factories/Factory.php(403): Illuminate\\Database\\Eloquent\\Factories\\Factory->getRawAttributes()
#4 /home/developer/Desktop/frame/vendor/laravel/framework/src/Illuminate/Database/Eloquent/Factories/Factory.php(387): Illuminate\\Database\\Eloquent\\Factories\\Factory->getExpandedAttributes()
#5 /home/developer/Desktop/frame/vendor/laravel/framework/src/Illuminate/Database/Eloquent/Concerns/GuardsAttributes.php(151): Illuminate\\Database\\Eloquent\\Factories\\Factory->Illuminate\\Database\\Eloquent\\Factories\\{closure}()
#6 /home/developer/Desktop/frame/vendor/laravel/framework/src/Illuminate/Database/Eloquent/Factories/Factory.php(392): Illuminate\\Database\\Eloquent\\Model::unguarded()
#7 /home/developer/Desktop/frame/vendor/laravel/framework/src/Illuminate/Database/Eloquent/Factories/Factory.php(370): Illuminate\\Database\\Eloquent\\Factories\\Factory->makeInstance()
#8 [internal function]: Illuminate\\Database\\Eloquent\\Factories\\Factory->Illuminate\\Database\\Eloquent\\Factories\\{closure}()
#9 /home/developer/Desktop/frame/vendor/laravel/framework/src/Illuminate/Database/Eloquent/Factories/Factory.php(371): array_map()
#10 /home/developer/Desktop/frame/vendor/laravel/framework/src/Illuminate/Database/Eloquent/Factories/Factory.php(258): Illuminate\\Database\\Eloquent\\Factories\\Factory->make()
#11 /home/developer/Desktop/frame/database/seeders/DatabaseSeeder.php(23): Illuminate\\Database\\Eloquent\\Factories\\Factory->create()
#12 /home/developer/Desktop/frame/vendor/laravel/framework/src/Illuminate/Container/BoundMethod.php(36): Database\\Seeders\\DatabaseSeeder->run()
#13 /home/developer/Desktop/frame/vendor/laravel/framework/src/Illuminate/Container/Util.php(40): Illuminate\\Container\\BoundMethod::Illuminate\\Container\\{closure}()
#14 /home/developer/Desktop/frame/vendor/laravel/framework/src/Illuminate/Container/BoundMethod.php(93): Illuminate\\Container\\Util::unwrapIfClosure()
#15 /home/developer/Desktop/frame/vendor/laravel/framework/src/Illuminate/Container/BoundMethod.php(37): Illuminate\\Container\\BoundMethod::callBoundMethod()
#16 /home/developer/Desktop/frame/vendor/laravel/framework/src/Illuminate/Container/Container.php(653): Illuminate\\Container\\BoundMethod::call()
#17 /home/developer/Desktop/frame/vendor/laravel/framework/src/Illuminate/Database/Seeder.php(149): Illuminate\\Container\\Container->call()
#18 /home/developer/Desktop/frame/vendor/laravel/framework/src/Illuminate/Database/Console/Seeds/SeedCommand.php(66): Illuminate\\Database\\Seeder->__invoke()
#19 /home/developer/Desktop/frame/vendor/laravel/framework/src/Illuminate/Database/Eloquent/Concerns/GuardsAttributes.php(157): Illuminate\\Database\\Console\\Seeds\\SeedCommand->Illuminate\\Database\\Console\\Seeds\\{closure}()
#20 /home/developer/Desktop/frame/vendor/laravel/framework/src/Illuminate/Database/Console/Seeds/SeedCommand.php(67): Illuminate\\Database\\Eloquent\\Model::unguarded()
#21 /home/developer/Desktop/frame/vendor/laravel/framework/src/Illuminate/Container/BoundMethod.php(36): Illuminate\\Database\\Console\\Seeds\\SeedCommand->handle()
#22 /home/developer/Desktop/frame/vendor/laravel/framework/src/Illuminate/Container/Util.php(40): Illuminate\\Container\\BoundMethod::Illuminate\\Container\\{closure}()
#23 /home/developer/Desktop/frame/vendor/laravel/framework/src/Illuminate/Container/BoundMethod.php(93): Illuminate\\Container\\Util::unwrapIfClosure()
#24 /home/developer/Desktop/frame/vendor/laravel/framework/src/Illuminate/Container/BoundMethod.php(37): Illuminate\\Container\\BoundMethod::callBoundMethod()
#25 /home/developer/Desktop/frame/vendor/laravel/framework/src/Illuminate/Container/Container.php(653): Illuminate\\Container\\BoundMethod::call()
#26 /home/developer/Desktop/frame/vendor/laravel/framework/src/Illuminate/Console/Command.php(136): Illuminate\\Container\\Container->call()
#27 /home/developer/Desktop/frame/vendor/symfony/console/Command/Command.php(298): Illuminate\\Console\\Command->execute()
#28 /home/developer/Desktop/frame/vendor/laravel/framework/src/Illuminate/Console/Command.php(121): Symfony\\Component\\Console\\Command\\Command->run()
#29 /home/developer/Desktop/frame/vendor/laravel/framework/src/Illuminate/Console/Concerns/CallsCommands.php(68): Illuminate\\Console\\Command->run()
#30 /home/developer/Desktop/frame/vendor/laravel/framework/src/Illuminate/Console/Concerns/CallsCommands.php(28): Illuminate\\Console\\Command->runCommand()
#31 /home/developer/Desktop/frame/vendor/laravel/framework/src/Illuminate/Database/Console/Migrations/FreshCommand.php(90): Illuminate\\Console\\Command->call()
#32 /home/developer/Desktop/frame/vendor/laravel/framework/src/Illuminate/Database/Console/Migrations/FreshCommand.php(65): Illuminate\\Database\\Console\\Migrations\\FreshCommand->runSeeder()
#33 /home/developer/Desktop/frame/vendor/laravel/framework/src/Illuminate/Container/BoundMethod.php(36): Illuminate\\Database\\Console\\Migrations\\FreshCommand->handle()
#34 /home/developer/Desktop/frame/vendor/laravel/framework/src/Illuminate/Container/Util.php(40): Illuminate\\Container\\BoundMethod::Illuminate\\Container\\{closure}()
#35 /home/developer/Desktop/frame/vendor/laravel/framework/src/Illuminate/Container/BoundMethod.php(93): Illuminate\\Container\\Util::unwrapIfClosure()
#36 /home/developer/Desktop/frame/vendor/laravel/framework/src/Illuminate/Container/BoundMethod.php(37): Illuminate\\Container\\BoundMethod::callBoundMethod()
#37 /home/developer/Desktop/frame/vendor/laravel/framework/src/Illuminate/Container/Container.php(653): Illuminate\\Container\\BoundMethod::call()
#38 /home/developer/Desktop/frame/vendor/laravel/framework/src/Illuminate/Console/Command.php(136): Illuminate\\Container\\Container->call()
#39 /home/developer/Desktop/frame/vendor/symfony/console/Command/Command.php(298): Illuminate\\Console\\Command->execute()
#40 /home/developer/Desktop/frame/vendor/laravel/framework/src/Illuminate/Console/Command.php(121): Symfony\\Component\\Console\\Command\\Command->run()
#41 /home/developer/Desktop/frame/vendor/symfony/console/Application.php(1005): Illuminate\\Console\\Command->run()
#42 /home/developer/Desktop/frame/vendor/symfony/console/Application.php(299): Symfony\\Component\\Console\\Application->doRunCommand()
#43 /home/developer/Desktop/frame/vendor/symfony/console/Application.php(171): Symfony\\Component\\Console\\Application->doRun()
#44 /home/developer/Desktop/frame/vendor/laravel/framework/src/Illuminate/Console/Application.php(94): Symfony\\Component\\Console\\Application->run()
#45 /home/developer/Desktop/frame/vendor/laravel/framework/src/Illuminate/Foundation/Console/Kernel.php(129): Illuminate\\Console\\Application->run()
#46 /home/developer/Desktop/frame/artisan(37): Illuminate\\Foundation\\Console\\Kernel->handle()
#47 {main}
"} 
[2022-01-14 07:56:18] local.ERROR: You requested 1 items, but there are only 0 items available. {"exception":"[object] (InvalidArgumentException(code: 0): You requested 1 items, but there are only 0 items available. at /home/developer/Desktop/frame/vendor/laravel/framework/src/Illuminate/Collections/Arr.php:554)
[stacktrace]
#0 /home/developer/Desktop/frame/vendor/laravel/framework/src/Illuminate/Collections/Collection.php(933): Illuminate\\Support\\Arr::random()
#1 /home/developer/Desktop/frame/database/factories/CategoryFactory.php(19): Illuminate\\Support\\Collection->random()
#2 /home/developer/Desktop/frame/vendor/laravel/framework/src/Illuminate/Database/Eloquent/Factories/Factory.php(424): Database\\Factories\\CategoryFactory->definition()
#3 /home/developer/Desktop/frame/vendor/laravel/framework/src/Illuminate/Database/Eloquent/Factories/Factory.php(403): Illuminate\\Database\\Eloquent\\Factories\\Factory->getRawAttributes()
#4 /home/developer/Desktop/frame/vendor/laravel/framework/src/Illuminate/Database/Eloquent/Factories/Factory.php(387): Illuminate\\Database\\Eloquent\\Factories\\Factory->getExpandedAttributes()
#5 /home/developer/Desktop/frame/vendor/laravel/framework/src/Illuminate/Database/Eloquent/Concerns/GuardsAttributes.php(151): Illuminate\\Database\\Eloquent\\Factories\\Factory->Illuminate\\Database\\Eloquent\\Factories\\{closure}()
#6 /home/developer/Desktop/frame/vendor/laravel/framework/src/Illuminate/Database/Eloquent/Factories/Factory.php(392): Illuminate\\Database\\Eloquent\\Model::unguarded()
#7 /home/developer/Desktop/frame/vendor/laravel/framework/src/Illuminate/Database/Eloquent/Factories/Factory.php(370): Illuminate\\Database\\Eloquent\\Factories\\Factory->makeInstance()
#8 [internal function]: Illuminate\\Database\\Eloquent\\Factories\\Factory->Illuminate\\Database\\Eloquent\\Factories\\{closure}()
#9 /home/developer/Desktop/frame/vendor/laravel/framework/src/Illuminate/Database/Eloquent/Factories/Factory.php(371): array_map()
#10 /home/developer/Desktop/frame/vendor/laravel/framework/src/Illuminate/Database/Eloquent/Factories/Factory.php(258): Illuminate\\Database\\Eloquent\\Factories\\Factory->make()
#11 /home/developer/Desktop/frame/database/seeders/DatabaseSeeder.php(23): Illuminate\\Database\\Eloquent\\Factories\\Factory->create()
#12 /home/developer/Desktop/frame/vendor/laravel/framework/src/Illuminate/Container/BoundMethod.php(36): Database\\Seeders\\DatabaseSeeder->run()
#13 /home/developer/Desktop/frame/vendor/laravel/framework/src/Illuminate/Container/Util.php(40): Illuminate\\Container\\BoundMethod::Illuminate\\Container\\{closure}()
#14 /home/developer/Desktop/frame/vendor/laravel/framework/src/Illuminate/Container/BoundMethod.php(93): Illuminate\\Container\\Util::unwrapIfClosure()
#15 /home/developer/Desktop/frame/vendor/laravel/framework/src/Illuminate/Container/BoundMethod.php(37): Illuminate\\Container\\BoundMethod::callBoundMethod()
#16 /home/developer/Desktop/frame/vendor/laravel/framework/src/Illuminate/Container/Container.php(653): Illuminate\\Container\\BoundMethod::call()
#17 /home/developer/Desktop/frame/vendor/laravel/framework/src/Illuminate/Database/Seeder.php(149): Illuminate\\Container\\Container->call()
#18 /home/developer/Desktop/frame/vendor/laravel/framework/src/Illuminate/Database/Console/Seeds/SeedCommand.php(66): Illuminate\\Database\\Seeder->__invoke()
#19 /home/developer/Desktop/frame/vendor/laravel/framework/src/Illuminate/Database/Eloquent/Concerns/GuardsAttributes.php(157): Illuminate\\Database\\Console\\Seeds\\SeedCommand->Illuminate\\Database\\Console\\Seeds\\{closure}()
#20 /home/developer/Desktop/frame/vendor/laravel/framework/src/Illuminate/Database/Console/Seeds/SeedCommand.php(67): Illuminate\\Database\\Eloquent\\Model::unguarded()
#21 /home/developer/Desktop/frame/vendor/laravel/framework/src/Illuminate/Container/BoundMethod.php(36): Illuminate\\Database\\Console\\Seeds\\SeedCommand->handle()
#22 /home/developer/Desktop/frame/vendor/laravel/framework/src/Illuminate/Container/Util.php(40): Illuminate\\Container\\BoundMethod::Illuminate\\Container\\{closure}()
#23 /home/developer/Desktop/frame/vendor/laravel/framework/src/Illuminate/Container/BoundMethod.php(93): Illuminate\\Container\\Util::unwrapIfClosure()
#24 /home/developer/Desktop/frame/vendor/laravel/framework/src/Illuminate/Container/BoundMethod.php(37): Illuminate\\Container\\BoundMethod::callBoundMethod()
#25 /home/developer/Desktop/frame/vendor/laravel/framework/src/Illuminate/Container/Container.php(653): Illuminate\\Container\\BoundMethod::call()
#26 /home/developer/Desktop/frame/vendor/laravel/framework/src/Illuminate/Console/Command.php(136): Illuminate\\Container\\Container->call()
#27 /home/developer/Desktop/frame/vendor/symfony/console/Command/Command.php(298): Illuminate\\Console\\Command->execute()
#28 /home/developer/Desktop/frame/vendor/laravel/framework/src/Illuminate/Console/Command.php(121): Symfony\\Component\\Console\\Command\\Command->run()
#29 /home/developer/Desktop/frame/vendor/symfony/console/Application.php(1005): Illuminate\\Console\\Command->run()
#30 /home/developer/Desktop/frame/vendor/symfony/console/Application.php(299): Symfony\\Component\\Console\\Application->doRunCommand()
#31 /home/developer/Desktop/frame/vendor/symfony/console/Application.php(171): Symfony\\Component\\Console\\Application->doRun()
#32 /home/developer/Desktop/frame/vendor/laravel/framework/src/Illuminate/Console/Application.php(94): Symfony\\Component\\Console\\Application->run()
#33 /home/developer/Desktop/frame/vendor/laravel/framework/src/Illuminate/Foundation/Console/Kernel.php(129): Illuminate\\Console\\Application->run()
#34 /home/developer/Desktop/frame/artisan(37): Illuminate\\Foundation\\Console\\Kernel->handle()
#35 {main}
"} 
[2022-01-14 07:57:19] local.ERROR: You requested 1 items, but there are only 0 items available. {"exception":"[object] (InvalidArgumentException(code: 0): You requested 1 items, but there are only 0 items available. at /home/developer/Desktop/frame/vendor/laravel/framework/src/Illuminate/Collections/Arr.php:554)
[stacktrace]
#0 /home/developer/Desktop/frame/vendor/laravel/framework/src/Illuminate/Collections/Collection.php(933): Illuminate\\Support\\Arr::random()
#1 /home/developer/Desktop/frame/database/factories/CategoryFactory.php(19): Illuminate\\Support\\Collection->random()
#2 /home/developer/Desktop/frame/vendor/laravel/framework/src/Illuminate/Database/Eloquent/Factories/Factory.php(424): Database\\Factories\\CategoryFactory->definition()
#3 /home/developer/Desktop/frame/vendor/laravel/framework/src/Illuminate/Database/Eloquent/Factories/Factory.php(403): Illuminate\\Database\\Eloquent\\Factories\\Factory->getRawAttributes()
#4 /home/developer/Desktop/frame/vendor/laravel/framework/src/Illuminate/Database/Eloquent/Factories/Factory.php(387): Illuminate\\Database\\Eloquent\\Factories\\Factory->getExpandedAttributes()
#5 /home/developer/Desktop/frame/vendor/laravel/framework/src/Illuminate/Database/Eloquent/Concerns/GuardsAttributes.php(151): Illuminate\\Database\\Eloquent\\Factories\\Factory->Illuminate\\Database\\Eloquent\\Factories\\{closure}()
#6 /home/developer/Desktop/frame/vendor/laravel/framework/src/Illuminate/Database/Eloquent/Factories/Factory.php(392): Illuminate\\Database\\Eloquent\\Model::unguarded()
#7 /home/developer/Desktop/frame/vendor/laravel/framework/src/Illuminate/Database/Eloquent/Factories/Factory.php(370): Illuminate\\Database\\Eloquent\\Factories\\Factory->makeInstance()
#8 [internal function]: Illuminate\\Database\\Eloquent\\Factories\\Factory->Illuminate\\Database\\Eloquent\\Factories\\{closure}()
#9 /home/developer/Desktop/frame/vendor/laravel/framework/src/Illuminate/Database/Eloquent/Factories/Factory.php(371): array_map()
#10 /home/developer/Desktop/frame/vendor/laravel/framework/src/Illuminate/Database/Eloquent/Factories/Factory.php(258): Illuminate\\Database\\Eloquent\\Factories\\Factory->make()
#11 /home/developer/Desktop/frame/database/seeders/DatabaseSeeder.php(23): Illuminate\\Database\\Eloquent\\Factories\\Factory->create()
#12 /home/developer/Desktop/frame/vendor/laravel/framework/src/Illuminate/Container/BoundMethod.php(36): Database\\Seeders\\DatabaseSeeder->run()
#13 /home/developer/Desktop/frame/vendor/laravel/framework/src/Illuminate/Container/Util.php(40): Illuminate\\Container\\BoundMethod::Illuminate\\Container\\{closure}()
#14 /home/developer/Desktop/frame/vendor/laravel/framework/src/Illuminate/Container/BoundMethod.php(93): Illuminate\\Container\\Util::unwrapIfClosure()
#15 /home/developer/Desktop/frame/vendor/laravel/framework/src/Illuminate/Container/BoundMethod.php(37): Illuminate\\Container\\BoundMethod::callBoundMethod()
#16 /home/developer/Desktop/frame/vendor/laravel/framework/src/Illuminate/Container/Container.php(653): Illuminate\\Container\\BoundMethod::call()
#17 /home/developer/Desktop/frame/vendor/laravel/framework/src/Illuminate/Database/Seeder.php(149): Illuminate\\Container\\Container->call()
#18 /home/developer/Desktop/frame/vendor/laravel/framework/src/Illuminate/Database/Console/Seeds/SeedCommand.php(66): Illuminate\\Database\\Seeder->__invoke()
#19 /home/developer/Desktop/frame/vendor/laravel/framework/src/Illuminate/Database/Eloquent/Concerns/GuardsAttributes.php(157): Illuminate\\Database\\Console\\Seeds\\SeedCommand->Illuminate\\Database\\Console\\Seeds\\{closure}()
#20 /home/developer/Desktop/frame/vendor/laravel/framework/src/Illuminate/Database/Console/Seeds/SeedCommand.php(67): Illuminate\\Database\\Eloquent\\Model::unguarded()
#21 /home/developer/Desktop/frame/vendor/laravel/framework/src/Illuminate/Container/BoundMethod.php(36): Illuminate\\Database\\Console\\Seeds\\SeedCommand->handle()
#22 /home/developer/Desktop/frame/vendor/laravel/framework/src/Illuminate/Container/Util.php(40): Illuminate\\Container\\BoundMethod::Illuminate\\Container\\{closure}()
#23 /home/developer/Desktop/frame/vendor/laravel/framework/src/Illuminate/Container/BoundMethod.php(93): Illuminate\\Container\\Util::unwrapIfClosure()
#24 /home/developer/Desktop/frame/vendor/laravel/framework/src/Illuminate/Container/BoundMethod.php(37): Illuminate\\Container\\BoundMethod::callBoundMethod()
#25 /home/developer/Desktop/frame/vendor/laravel/framework/src/Illuminate/Container/Container.php(653): Illuminate\\Container\\BoundMethod::call()
#26 /home/developer/Desktop/frame/vendor/laravel/framework/src/Illuminate/Console/Command.php(136): Illuminate\\Container\\Container->call()
#27 /home/developer/Desktop/frame/vendor/symfony/console/Command/Command.php(298): Illuminate\\Console\\Command->execute()
#28 /home/developer/Desktop/frame/vendor/laravel/framework/src/Illuminate/Console/Command.php(121): Symfony\\Component\\Console\\Command\\Command->run()
#29 /home/developer/Desktop/frame/vendor/symfony/console/Application.php(1005): Illuminate\\Console\\Command->run()
#30 /home/developer/Desktop/frame/vendor/symfony/console/Application.php(299): Symfony\\Component\\Console\\Application->doRunCommand()
#31 /home/developer/Desktop/frame/vendor/symfony/console/Application.php(171): Symfony\\Component\\Console\\Application->doRun()
#32 /home/developer/Desktop/frame/vendor/laravel/framework/src/Illuminate/Console/Application.php(94): Symfony\\Component\\Console\\Application->run()
#33 /home/developer/Desktop/frame/vendor/laravel/framework/src/Illuminate/Foundation/Console/Kernel.php(129): Illuminate\\Console\\Application->run()
#34 /home/developer/Desktop/frame/artisan(37): Illuminate\\Foundation\\Console\\Kernel->handle()
#35 {main}
"} 
[2022-01-14 07:59:57] local.DEBUG: created category  
[2022-01-14 07:59:57] local.DEBUG: created category  
[2022-01-14 07:59:57] local.DEBUG: created category  
[2022-01-14 07:59:57] local.DEBUG: created category  
[2022-01-14 07:59:57] local.DEBUG: created category  
[2022-01-14 07:59:57] local.DEBUG: created category  
[2022-01-14 07:59:57] local.DEBUG: created category  
[2022-01-14 07:59:57] local.DEBUG: created category  
[2022-01-14 07:59:57] local.DEBUG: created category  
[2022-01-14 07:59:57] local.DEBUG: created category  
[2022-01-14 07:59:57] local.DEBUG: created category  
[2022-01-14 07:59:57] local.DEBUG: created category  
[2022-01-14 07:59:57] local.DEBUG: created category  
[2022-01-14 07:59:57] local.DEBUG: created category  
[2022-01-14 07:59:57] local.DEBUG: created category  
[2022-01-14 07:59:57] local.ERROR: SQLSTATE[23000]: Integrity constraint violation: 1062 Duplicate entry 'nangdi00@gmail.com' for key 'users.users_email_unique' (SQL: insert into `users` (`name`, `email`, `email_verified_at`, `password`, `remember_token`, `role`, `updated_at`, `created_at`) values (Nang Di Aung, nangdi00@gmail.com, 2022-01-14 07:59:57, $2y$10$ND8CtF3/GcJQ9NkU.OiAUeEjqtDQCycmyrhzyQUkdfa2GWnOMGWvW, cTdi52lZ3K, 0, 2022-01-14 07:59:57, 2022-01-14 07:59:57)) {"exception":"[object] (Illuminate\\Database\\QueryException(code: 23000): SQLSTATE[23000]: Integrity constraint violation: 1062 Duplicate entry 'nangdi00@gmail.com' for key 'users.users_email_unique' (SQL: insert into `users` (`name`, `email`, `email_verified_at`, `password`, `remember_token`, `role`, `updated_at`, `created_at`) values (Nang Di Aung, nangdi00@gmail.com, 2022-01-14 07:59:57, $2y$10$ND8CtF3/GcJQ9NkU.OiAUeEjqtDQCycmyrhzyQUkdfa2GWnOMGWvW, cTdi52lZ3K, 0, 2022-01-14 07:59:57, 2022-01-14 07:59:57)) at /home/developer/Desktop/frame/vendor/laravel/framework/src/Illuminate/Database/Connection.php:703)
[stacktrace]
#0 /home/developer/Desktop/frame/vendor/laravel/framework/src/Illuminate/Database/Connection.php(663): Illuminate\\Database\\Connection->runQueryCallback()
#1 /home/developer/Desktop/frame/vendor/laravel/framework/src/Illuminate/Database/Connection.php(493): Illuminate\\Database\\Connection->run()
#2 /home/developer/Desktop/frame/vendor/laravel/framework/src/Illuminate/Database/Connection.php(445): Illuminate\\Database\\Connection->statement()
#3 /home/developer/Desktop/frame/vendor/laravel/framework/src/Illuminate/Database/Query/Processors/Processor.php(32): Illuminate\\Database\\Connection->insert()
#4 /home/developer/Desktop/frame/vendor/laravel/framework/src/Illuminate/Database/Query/Builder.php(2966): Illuminate\\Database\\Query\\Processors\\Processor->processInsertGetId()
#5 /home/developer/Desktop/frame/vendor/laravel/framework/src/Illuminate/Database/Eloquent/Builder.php(1655): Illuminate\\Database\\Query\\Builder->insertGetId()
#6 /home/developer/Desktop/frame/vendor/laravel/framework/src/Illuminate/Database/Eloquent/Model.php(1188): Illuminate\\Database\\Eloquent\\Builder->__call()
#7 /home/developer/Desktop/frame/vendor/laravel/framework/src/Illuminate/Database/Eloquent/Model.php(1153): Illuminate\\Database\\Eloquent\\Model->insertAndSetId()
#8 /home/developer/Desktop/frame/vendor/laravel/framework/src/Illuminate/Database/Eloquent/Model.php(994): Illuminate\\Database\\Eloquent\\Model->performInsert()
#9 /home/developer/Desktop/frame/vendor/laravel/framework/src/Illuminate/Database/Eloquent/Builder.php(894): Illuminate\\Database\\Eloquent\\Model->save()
#10 /home/developer/Desktop/frame/vendor/laravel/framework/src/Illuminate/Support/helpers.php(263): Illuminate\\Database\\Eloquent\\Builder->Illuminate\\Database\\Eloquent\\{closure}()
#11 /home/developer/Desktop/frame/vendor/laravel/framework/src/Illuminate/Database/Eloquent/Builder.php(895): tap()
#12 /home/developer/Desktop/frame/vendor/laravel/framework/src/Illuminate/Support/Traits/ForwardsCalls.php(23): Illuminate\\Database\\Eloquent\\Builder->create()
#13 /home/developer/Desktop/frame/vendor/laravel/framework/src/Illuminate/Database/Eloquent/Model.php(2132): Illuminate\\Database\\Eloquent\\Model->forwardCallTo()
#14 /home/developer/Desktop/frame/vendor/laravel/framework/src/Illuminate/Database/Eloquent/Model.php(2144): Illuminate\\Database\\Eloquent\\Model->__call()
#15 /home/developer/Desktop/frame/database/seeders/DatabaseSeeder.php(32): Illuminate\\Database\\Eloquent\\Model::__callStatic()
#16 /home/developer/Desktop/frame/vendor/laravel/framework/src/Illuminate/Container/BoundMethod.php(36): Database\\Seeders\\DatabaseSeeder->run()
#17 /home/developer/Desktop/frame/vendor/laravel/framework/src/Illuminate/Container/Util.php(40): Illuminate\\Container\\BoundMethod::Illuminate\\Container\\{closure}()
#18 /home/developer/Desktop/frame/vendor/laravel/framework/src/Illuminate/Container/BoundMethod.php(93): Illuminate\\Container\\Util::unwrapIfClosure()
#19 /home/developer/Desktop/frame/vendor/laravel/framework/src/Illuminate/Container/BoundMethod.php(37): Illuminate\\Container\\BoundMethod::callBoundMethod()
#20 /home/developer/Desktop/frame/vendor/laravel/framework/src/Illuminate/Container/Container.php(653): Illuminate\\Container\\BoundMethod::call()
#21 /home/developer/Desktop/frame/vendor/laravel/framework/src/Illuminate/Database/Seeder.php(149): Illuminate\\Container\\Container->call()
#22 /home/developer/Desktop/frame/vendor/laravel/framework/src/Illuminate/Database/Console/Seeds/SeedCommand.php(66): Illuminate\\Database\\Seeder->__invoke()
#23 /home/developer/Desktop/frame/vendor/laravel/framework/src/Illuminate/Database/Eloquent/Concerns/GuardsAttributes.php(157): Illuminate\\Database\\Console\\Seeds\\SeedCommand->Illuminate\\Database\\Console\\Seeds\\{closure}()
#24 /home/developer/Desktop/frame/vendor/laravel/framework/src/Illuminate/Database/Console/Seeds/SeedCommand.php(67): Illuminate\\Database\\Eloquent\\Model::unguarded()
#25 /home/developer/Desktop/frame/vendor/laravel/framework/src/Illuminate/Container/BoundMethod.php(36): Illuminate\\Database\\Console\\Seeds\\SeedCommand->handle()
#26 /home/developer/Desktop/frame/vendor/laravel/framework/src/Illuminate/Container/Util.php(40): Illuminate\\Container\\BoundMethod::Illuminate\\Container\\{closure}()
#27 /home/developer/Desktop/frame/vendor/laravel/framework/src/Illuminate/Container/BoundMethod.php(93): Illuminate\\Container\\Util::unwrapIfClosure()
#28 /home/developer/Desktop/frame/vendor/laravel/framework/src/Illuminate/Container/BoundMethod.php(37): Illuminate\\Container\\BoundMethod::callBoundMethod()
#29 /home/developer/Desktop/frame/vendor/laravel/framework/src/Illuminate/Container/Container.php(653): Illuminate\\Container\\BoundMethod::call()
#30 /home/developer/Desktop/frame/vendor/laravel/framework/src/Illuminate/Console/Command.php(136): Illuminate\\Container\\Container->call()
#31 /home/developer/Desktop/frame/vendor/symfony/console/Command/Command.php(298): Illuminate\\Console\\Command->execute()
#32 /home/developer/Desktop/frame/vendor/laravel/framework/src/Illuminate/Console/Command.php(121): Symfony\\Component\\Console\\Command\\Command->run()
#33 /home/developer/Desktop/frame/vendor/symfony/console/Application.php(1005): Illuminate\\Console\\Command->run()
#34 /home/developer/Desktop/frame/vendor/symfony/console/Application.php(299): Symfony\\Component\\Console\\Application->doRunCommand()
#35 /home/developer/Desktop/frame/vendor/symfony/console/Application.php(171): Symfony\\Component\\Console\\Application->doRun()
#36 /home/developer/Desktop/frame/vendor/laravel/framework/src/Illuminate/Console/Application.php(94): Symfony\\Component\\Console\\Application->run()
#37 /home/developer/Desktop/frame/vendor/laravel/framework/src/Illuminate/Foundation/Console/Kernel.php(129): Illuminate\\Console\\Application->run()
#38 /home/developer/Desktop/frame/artisan(37): Illuminate\\Foundation\\Console\\Kernel->handle()
#39 {main}

[previous exception] [object] (PDOException(code: 23000): SQLSTATE[23000]: Integrity constraint violation: 1062 Duplicate entry 'nangdi00@gmail.com' for key 'users.users_email_unique' at /home/developer/Desktop/frame/vendor/laravel/framework/src/Illuminate/Database/Connection.php:492)
[stacktrace]
#0 /home/developer/Desktop/frame/vendor/laravel/framework/src/Illuminate/Database/Connection.php(492): PDOStatement->execute()
#1 /home/developer/Desktop/frame/vendor/laravel/framework/src/Illuminate/Database/Connection.php(696): Illuminate\\Database\\Connection->Illuminate\\Database\\{closure}()
#2 /home/developer/Desktop/frame/vendor/laravel/framework/src/Illuminate/Database/Connection.php(663): Illuminate\\Database\\Connection->runQueryCallback()
#3 /home/developer/Desktop/frame/vendor/laravel/framework/src/Illuminate/Database/Connection.php(493): Illuminate\\Database\\Connection->run()
#4 /home/developer/Desktop/frame/vendor/laravel/framework/src/Illuminate/Database/Connection.php(445): Illuminate\\Database\\Connection->statement()
#5 /home/developer/Desktop/frame/vendor/laravel/framework/src/Illuminate/Database/Query/Processors/Processor.php(32): Illuminate\\Database\\Connection->insert()
#6 /home/developer/Desktop/frame/vendor/laravel/framework/src/Illuminate/Database/Query/Builder.php(2966): Illuminate\\Database\\Query\\Processors\\Processor->processInsertGetId()
#7 /home/developer/Desktop/frame/vendor/laravel/framework/src/Illuminate/Database/Eloquent/Builder.php(1655): Illuminate\\Database\\Query\\Builder->insertGetId()
#8 /home/developer/Desktop/frame/vendor/laravel/framework/src/Illuminate/Database/Eloquent/Model.php(1188): Illuminate\\Database\\Eloquent\\Builder->__call()
#9 /home/developer/Desktop/frame/vendor/laravel/framework/src/Illuminate/Database/Eloquent/Model.php(1153): Illuminate\\Database\\Eloquent\\Model->insertAndSetId()
#10 /home/developer/Desktop/frame/vendor/laravel/framework/src/Illuminate/Database/Eloquent/Model.php(994): Illuminate\\Database\\Eloquent\\Model->performInsert()
#11 /home/developer/Desktop/frame/vendor/laravel/framework/src/Illuminate/Database/Eloquent/Builder.php(894): Illuminate\\Database\\Eloquent\\Model->save()
#12 /home/developer/Desktop/frame/vendor/laravel/framework/src/Illuminate/Support/helpers.php(263): Illuminate\\Database\\Eloquent\\Builder->Illuminate\\Database\\Eloquent\\{closure}()
#13 /home/developer/Desktop/frame/vendor/laravel/framework/src/Illuminate/Database/Eloquent/Builder.php(895): tap()
#14 /home/developer/Desktop/frame/vendor/laravel/framework/src/Illuminate/Support/Traits/ForwardsCalls.php(23): Illuminate\\Database\\Eloquent\\Builder->create()
#15 /home/developer/Desktop/frame/vendor/laravel/framework/src/Illuminate/Database/Eloquent/Model.php(2132): Illuminate\\Database\\Eloquent\\Model->forwardCallTo()
#16 /home/developer/Desktop/frame/vendor/laravel/framework/src/Illuminate/Database/Eloquent/Model.php(2144): Illuminate\\Database\\Eloquent\\Model->__call()
#17 /home/developer/Desktop/frame/database/seeders/DatabaseSeeder.php(32): Illuminate\\Database\\Eloquent\\Model::__callStatic()
#18 /home/developer/Desktop/frame/vendor/laravel/framework/src/Illuminate/Container/BoundMethod.php(36): Database\\Seeders\\DatabaseSeeder->run()
#19 /home/developer/Desktop/frame/vendor/laravel/framework/src/Illuminate/Container/Util.php(40): Illuminate\\Container\\BoundMethod::Illuminate\\Container\\{closure}()
#20 /home/developer/Desktop/frame/vendor/laravel/framework/src/Illuminate/Container/BoundMethod.php(93): Illuminate\\Container\\Util::unwrapIfClosure()
#21 /home/developer/Desktop/frame/vendor/laravel/framework/src/Illuminate/Container/BoundMethod.php(37): Illuminate\\Container\\BoundMethod::callBoundMethod()
#22 /home/developer/Desktop/frame/vendor/laravel/framework/src/Illuminate/Container/Container.php(653): Illuminate\\Container\\BoundMethod::call()
#23 /home/developer/Desktop/frame/vendor/laravel/framework/src/Illuminate/Database/Seeder.php(149): Illuminate\\Container\\Container->call()
#24 /home/developer/Desktop/frame/vendor/laravel/framework/src/Illuminate/Database/Console/Seeds/SeedCommand.php(66): Illuminate\\Database\\Seeder->__invoke()
#25 /home/developer/Desktop/frame/vendor/laravel/framework/src/Illuminate/Database/Eloquent/Concerns/GuardsAttributes.php(157): Illuminate\\Database\\Console\\Seeds\\SeedCommand->Illuminate\\Database\\Console\\Seeds\\{closure}()
#26 /home/developer/Desktop/frame/vendor/laravel/framework/src/Illuminate/Database/Console/Seeds/SeedCommand.php(67): Illuminate\\Database\\Eloquent\\Model::unguarded()
#27 /home/developer/Desktop/frame/vendor/laravel/framework/src/Illuminate/Container/BoundMethod.php(36): Illuminate\\Database\\Console\\Seeds\\SeedCommand->handle()
#28 /home/developer/Desktop/frame/vendor/laravel/framework/src/Illuminate/Container/Util.php(40): Illuminate\\Container\\BoundMethod::Illuminate\\Container\\{closure}()
#29 /home/developer/Desktop/frame/vendor/laravel/framework/src/Illuminate/Container/BoundMethod.php(93): Illuminate\\Container\\Util::unwrapIfClosure()
#30 /home/developer/Desktop/frame/vendor/laravel/framework/src/Illuminate/Container/BoundMethod.php(37): Illuminate\\Container\\BoundMethod::callBoundMethod()
#31 /home/developer/Desktop/frame/vendor/laravel/framework/src/Illuminate/Container/Container.php(653): Illuminate\\Container\\BoundMethod::call()
#32 /home/developer/Desktop/frame/vendor/laravel/framework/src/Illuminate/Console/Command.php(136): Illuminate\\Container\\Container->call()
#33 /home/developer/Desktop/frame/vendor/symfony/console/Command/Command.php(298): Illuminate\\Console\\Command->execute()
#34 /home/developer/Desktop/frame/vendor/laravel/framework/src/Illuminate/Console/Command.php(121): Symfony\\Component\\Console\\Command\\Command->run()
#35 /home/developer/Desktop/frame/vendor/symfony/console/Application.php(1005): Illuminate\\Console\\Command->run()
#36 /home/developer/Desktop/frame/vendor/symfony/console/Application.php(299): Symfony\\Component\\Console\\Application->doRunCommand()
#37 /home/developer/Desktop/frame/vendor/symfony/console/Application.php(171): Symfony\\Component\\Console\\Application->doRun()
#38 /home/developer/Desktop/frame/vendor/laravel/framework/src/Illuminate/Console/Application.php(94): Symfony\\Component\\Console\\Application->run()
#39 /home/developer/Desktop/frame/vendor/laravel/framework/src/Illuminate/Foundation/Console/Kernel.php(129): Illuminate\\Console\\Application->run()
#40 /home/developer/Desktop/frame/artisan(37): Illuminate\\Foundation\\Console\\Kernel->handle()
#41 {main}
"} 
[2022-01-14 08:00:26] local.DEBUG: created category  
[2022-01-14 08:00:26] local.DEBUG: created category  
[2022-01-14 08:00:26] local.DEBUG: created category  
[2022-01-14 08:00:26] local.DEBUG: created category  
[2022-01-14 08:00:26] local.DEBUG: created category  
[2022-01-14 08:00:26] local.DEBUG: created category  
[2022-01-14 08:00:26] local.DEBUG: created category  
[2022-01-14 08:00:26] local.DEBUG: created category  
[2022-01-14 08:00:26] local.DEBUG: created category  
[2022-01-14 08:00:26] local.DEBUG: created category  
[2022-01-14 08:00:26] local.DEBUG: created category  
[2022-01-14 08:00:26] local.DEBUG: created category  
[2022-01-14 08:00:26] local.DEBUG: created category  
[2022-01-14 08:00:26] local.DEBUG: created category  
[2022-01-14 08:00:26] local.DEBUG: created category  
[2022-01-14 08:00:26] local.ERROR: SQLSTATE[23000]: Integrity constraint violation: 1062 Duplicate entry 'nangdi00@gmail.com' for key 'users.users_email_unique' (SQL: insert into `users` (`name`, `email`, `email_verified_at`, `password`, `remember_token`, `role`, `updated_at`, `created_at`) values (Nang Di Aung, nangdi00@gmail.com, 2022-01-14 08:00:26, $2y$10$AtmN7tYlDLkTyIQBlQQH/OOLbJhvjfYT0hBa3ZRe9PiqCj1qGEkx2, MdWw03Y4Rt, 0, 2022-01-14 08:00:26, 2022-01-14 08:00:26)) {"exception":"[object] (Illuminate\\Database\\QueryException(code: 23000): SQLSTATE[23000]: Integrity constraint violation: 1062 Duplicate entry 'nangdi00@gmail.com' for key 'users.users_email_unique' (SQL: insert into `users` (`name`, `email`, `email_verified_at`, `password`, `remember_token`, `role`, `updated_at`, `created_at`) values (Nang Di Aung, nangdi00@gmail.com, 2022-01-14 08:00:26, $2y$10$AtmN7tYlDLkTyIQBlQQH/OOLbJhvjfYT0hBa3ZRe9PiqCj1qGEkx2, MdWw03Y4Rt, 0, 2022-01-14 08:00:26, 2022-01-14 08:00:26)) at /home/developer/Desktop/frame/vendor/laravel/framework/src/Illuminate/Database/Connection.php:703)
[stacktrace]
#0 /home/developer/Desktop/frame/vendor/laravel/framework/src/Illuminate/Database/Connection.php(663): Illuminate\\Database\\Connection->runQueryCallback()
#1 /home/developer/Desktop/frame/vendor/laravel/framework/src/Illuminate/Database/Connection.php(493): Illuminate\\Database\\Connection->run()
#2 /home/developer/Desktop/frame/vendor/laravel/framework/src/Illuminate/Database/Connection.php(445): Illuminate\\Database\\Connection->statement()
#3 /home/developer/Desktop/frame/vendor/laravel/framework/src/Illuminate/Database/Query/Processors/Processor.php(32): Illuminate\\Database\\Connection->insert()
#4 /home/developer/Desktop/frame/vendor/laravel/framework/src/Illuminate/Database/Query/Builder.php(2966): Illuminate\\Database\\Query\\Processors\\Processor->processInsertGetId()
#5 /home/developer/Desktop/frame/vendor/laravel/framework/src/Illuminate/Database/Eloquent/Builder.php(1655): Illuminate\\Database\\Query\\Builder->insertGetId()
#6 /home/developer/Desktop/frame/vendor/laravel/framework/src/Illuminate/Database/Eloquent/Model.php(1188): Illuminate\\Database\\Eloquent\\Builder->__call()
#7 /home/developer/Desktop/frame/vendor/laravel/framework/src/Illuminate/Database/Eloquent/Model.php(1153): Illuminate\\Database\\Eloquent\\Model->insertAndSetId()
#8 /home/developer/Desktop/frame/vendor/laravel/framework/src/Illuminate/Database/Eloquent/Model.php(994): Illuminate\\Database\\Eloquent\\Model->performInsert()
#9 /home/developer/Desktop/frame/vendor/laravel/framework/src/Illuminate/Database/Eloquent/Builder.php(894): Illuminate\\Database\\Eloquent\\Model->save()
#10 /home/developer/Desktop/frame/vendor/laravel/framework/src/Illuminate/Support/helpers.php(263): Illuminate\\Database\\Eloquent\\Builder->Illuminate\\Database\\Eloquent\\{closure}()
#11 /home/developer/Desktop/frame/vendor/laravel/framework/src/Illuminate/Database/Eloquent/Builder.php(895): tap()
#12 /home/developer/Desktop/frame/vendor/laravel/framework/src/Illuminate/Support/Traits/ForwardsCalls.php(23): Illuminate\\Database\\Eloquent\\Builder->create()
#13 /home/developer/Desktop/frame/vendor/laravel/framework/src/Illuminate/Database/Eloquent/Model.php(2132): Illuminate\\Database\\Eloquent\\Model->forwardCallTo()
#14 /home/developer/Desktop/frame/vendor/laravel/framework/src/Illuminate/Database/Eloquent/Model.php(2144): Illuminate\\Database\\Eloquent\\Model->__call()
#15 /home/developer/Desktop/frame/database/seeders/DatabaseSeeder.php(32): Illuminate\\Database\\Eloquent\\Model::__callStatic()
#16 /home/developer/Desktop/frame/vendor/laravel/framework/src/Illuminate/Container/BoundMethod.php(36): Database\\Seeders\\DatabaseSeeder->run()
#17 /home/developer/Desktop/frame/vendor/laravel/framework/src/Illuminate/Container/Util.php(40): Illuminate\\Container\\BoundMethod::Illuminate\\Container\\{closure}()
#18 /home/developer/Desktop/frame/vendor/laravel/framework/src/Illuminate/Container/BoundMethod.php(93): Illuminate\\Container\\Util::unwrapIfClosure()
#19 /home/developer/Desktop/frame/vendor/laravel/framework/src/Illuminate/Container/BoundMethod.php(37): Illuminate\\Container\\BoundMethod::callBoundMethod()
#20 /home/developer/Desktop/frame/vendor/laravel/framework/src/Illuminate/Container/Container.php(653): Illuminate\\Container\\BoundMethod::call()
#21 /home/developer/Desktop/frame/vendor/laravel/framework/src/Illuminate/Database/Seeder.php(149): Illuminate\\Container\\Container->call()
#22 /home/developer/Desktop/frame/vendor/laravel/framework/src/Illuminate/Database/Console/Seeds/SeedCommand.php(66): Illuminate\\Database\\Seeder->__invoke()
#23 /home/developer/Desktop/frame/vendor/laravel/framework/src/Illuminate/Database/Eloquent/Concerns/GuardsAttributes.php(157): Illuminate\\Database\\Console\\Seeds\\SeedCommand->Illuminate\\Database\\Console\\Seeds\\{closure}()
#24 /home/developer/Desktop/frame/vendor/laravel/framework/src/Illuminate/Database/Console/Seeds/SeedCommand.php(67): Illuminate\\Database\\Eloquent\\Model::unguarded()
#25 /home/developer/Desktop/frame/vendor/laravel/framework/src/Illuminate/Container/BoundMethod.php(36): Illuminate\\Database\\Console\\Seeds\\SeedCommand->handle()
#26 /home/developer/Desktop/frame/vendor/laravel/framework/src/Illuminate/Container/Util.php(40): Illuminate\\Container\\BoundMethod::Illuminate\\Container\\{closure}()
#27 /home/developer/Desktop/frame/vendor/laravel/framework/src/Illuminate/Container/BoundMethod.php(93): Illuminate\\Container\\Util::unwrapIfClosure()
#28 /home/developer/Desktop/frame/vendor/laravel/framework/src/Illuminate/Container/BoundMethod.php(37): Illuminate\\Container\\BoundMethod::callBoundMethod()
#29 /home/developer/Desktop/frame/vendor/laravel/framework/src/Illuminate/Container/Container.php(653): Illuminate\\Container\\BoundMethod::call()
#30 /home/developer/Desktop/frame/vendor/laravel/framework/src/Illuminate/Console/Command.php(136): Illuminate\\Container\\Container->call()
#31 /home/developer/Desktop/frame/vendor/symfony/console/Command/Command.php(298): Illuminate\\Console\\Command->execute()
#32 /home/developer/Desktop/frame/vendor/laravel/framework/src/Illuminate/Console/Command.php(121): Symfony\\Component\\Console\\Command\\Command->run()
#33 /home/developer/Desktop/frame/vendor/symfony/console/Application.php(1005): Illuminate\\Console\\Command->run()
#34 /home/developer/Desktop/frame/vendor/symfony/console/Application.php(299): Symfony\\Component\\Console\\Application->doRunCommand()
#35 /home/developer/Desktop/frame/vendor/symfony/console/Application.php(171): Symfony\\Component\\Console\\Application->doRun()
#36 /home/developer/Desktop/frame/vendor/laravel/framework/src/Illuminate/Console/Application.php(94): Symfony\\Component\\Console\\Application->run()
#37 /home/developer/Desktop/frame/vendor/laravel/framework/src/Illuminate/Foundation/Console/Kernel.php(129): Illuminate\\Console\\Application->run()
#38 /home/developer/Desktop/frame/artisan(37): Illuminate\\Foundation\\Console\\Kernel->handle()
#39 {main}

[previous exception] [object] (PDOException(code: 23000): SQLSTATE[23000]: Integrity constraint violation: 1062 Duplicate entry 'nangdi00@gmail.com' for key 'users.users_email_unique' at /home/developer/Desktop/frame/vendor/laravel/framework/src/Illuminate/Database/Connection.php:492)
[stacktrace]
#0 /home/developer/Desktop/frame/vendor/laravel/framework/src/Illuminate/Database/Connection.php(492): PDOStatement->execute()
#1 /home/developer/Desktop/frame/vendor/laravel/framework/src/Illuminate/Database/Connection.php(696): Illuminate\\Database\\Connection->Illuminate\\Database\\{closure}()
#2 /home/developer/Desktop/frame/vendor/laravel/framework/src/Illuminate/Database/Connection.php(663): Illuminate\\Database\\Connection->runQueryCallback()
#3 /home/developer/Desktop/frame/vendor/laravel/framework/src/Illuminate/Database/Connection.php(493): Illuminate\\Database\\Connection->run()
#4 /home/developer/Desktop/frame/vendor/laravel/framework/src/Illuminate/Database/Connection.php(445): Illuminate\\Database\\Connection->statement()
#5 /home/developer/Desktop/frame/vendor/laravel/framework/src/Illuminate/Database/Query/Processors/Processor.php(32): Illuminate\\Database\\Connection->insert()
#6 /home/developer/Desktop/frame/vendor/laravel/framework/src/Illuminate/Database/Query/Builder.php(2966): Illuminate\\Database\\Query\\Processors\\Processor->processInsertGetId()
#7 /home/developer/Desktop/frame/vendor/laravel/framework/src/Illuminate/Database/Eloquent/Builder.php(1655): Illuminate\\Database\\Query\\Builder->insertGetId()
#8 /home/developer/Desktop/frame/vendor/laravel/framework/src/Illuminate/Database/Eloquent/Model.php(1188): Illuminate\\Database\\Eloquent\\Builder->__call()
#9 /home/developer/Desktop/frame/vendor/laravel/framework/src/Illuminate/Database/Eloquent/Model.php(1153): Illuminate\\Database\\Eloquent\\Model->insertAndSetId()
#10 /home/developer/Desktop/frame/vendor/laravel/framework/src/Illuminate/Database/Eloquent/Model.php(994): Illuminate\\Database\\Eloquent\\Model->performInsert()
#11 /home/developer/Desktop/frame/vendor/laravel/framework/src/Illuminate/Database/Eloquent/Builder.php(894): Illuminate\\Database\\Eloquent\\Model->save()
#12 /home/developer/Desktop/frame/vendor/laravel/framework/src/Illuminate/Support/helpers.php(263): Illuminate\\Database\\Eloquent\\Builder->Illuminate\\Database\\Eloquent\\{closure}()
#13 /home/developer/Desktop/frame/vendor/laravel/framework/src/Illuminate/Database/Eloquent/Builder.php(895): tap()
#14 /home/developer/Desktop/frame/vendor/laravel/framework/src/Illuminate/Support/Traits/ForwardsCalls.php(23): Illuminate\\Database\\Eloquent\\Builder->create()
#15 /home/developer/Desktop/frame/vendor/laravel/framework/src/Illuminate/Database/Eloquent/Model.php(2132): Illuminate\\Database\\Eloquent\\Model->forwardCallTo()
#16 /home/developer/Desktop/frame/vendor/laravel/framework/src/Illuminate/Database/Eloquent/Model.php(2144): Illuminate\\Database\\Eloquent\\Model->__call()
#17 /home/developer/Desktop/frame/database/seeders/DatabaseSeeder.php(32): Illuminate\\Database\\Eloquent\\Model::__callStatic()
#18 /home/developer/Desktop/frame/vendor/laravel/framework/src/Illuminate/Container/BoundMethod.php(36): Database\\Seeders\\DatabaseSeeder->run()
#19 /home/developer/Desktop/frame/vendor/laravel/framework/src/Illuminate/Container/Util.php(40): Illuminate\\Container\\BoundMethod::Illuminate\\Container\\{closure}()
#20 /home/developer/Desktop/frame/vendor/laravel/framework/src/Illuminate/Container/BoundMethod.php(93): Illuminate\\Container\\Util::unwrapIfClosure()
#21 /home/developer/Desktop/frame/vendor/laravel/framework/src/Illuminate/Container/BoundMethod.php(37): Illuminate\\Container\\BoundMethod::callBoundMethod()
#22 /home/developer/Desktop/frame/vendor/laravel/framework/src/Illuminate/Container/Container.php(653): Illuminate\\Container\\BoundMethod::call()
#23 /home/developer/Desktop/frame/vendor/laravel/framework/src/Illuminate/Database/Seeder.php(149): Illuminate\\Container\\Container->call()
#24 /home/developer/Desktop/frame/vendor/laravel/framework/src/Illuminate/Database/Console/Seeds/SeedCommand.php(66): Illuminate\\Database\\Seeder->__invoke()
#25 /home/developer/Desktop/frame/vendor/laravel/framework/src/Illuminate/Database/Eloquent/Concerns/GuardsAttributes.php(157): Illuminate\\Database\\Console\\Seeds\\SeedCommand->Illuminate\\Database\\Console\\Seeds\\{closure}()
#26 /home/developer/Desktop/frame/vendor/laravel/framework/src/Illuminate/Database/Console/Seeds/SeedCommand.php(67): Illuminate\\Database\\Eloquent\\Model::unguarded()
#27 /home/developer/Desktop/frame/vendor/laravel/framework/src/Illuminate/Container/BoundMethod.php(36): Illuminate\\Database\\Console\\Seeds\\SeedCommand->handle()
#28 /home/developer/Desktop/frame/vendor/laravel/framework/src/Illuminate/Container/Util.php(40): Illuminate\\Container\\BoundMethod::Illuminate\\Container\\{closure}()
#29 /home/developer/Desktop/frame/vendor/laravel/framework/src/Illuminate/Container/BoundMethod.php(93): Illuminate\\Container\\Util::unwrapIfClosure()
#30 /home/developer/Desktop/frame/vendor/laravel/framework/src/Illuminate/Container/BoundMethod.php(37): Illuminate\\Container\\BoundMethod::callBoundMethod()
#31 /home/developer/Desktop/frame/vendor/laravel/framework/src/Illuminate/Container/Container.php(653): Illuminate\\Container\\BoundMethod::call()
#32 /home/developer/Desktop/frame/vendor/laravel/framework/src/Illuminate/Console/Command.php(136): Illuminate\\Container\\Container->call()
#33 /home/developer/Desktop/frame/vendor/symfony/console/Command/Command.php(298): Illuminate\\Console\\Command->execute()
#34 /home/developer/Desktop/frame/vendor/laravel/framework/src/Illuminate/Console/Command.php(121): Symfony\\Component\\Console\\Command\\Command->run()
#35 /home/developer/Desktop/frame/vendor/symfony/console/Application.php(1005): Illuminate\\Console\\Command->run()
#36 /home/developer/Desktop/frame/vendor/symfony/console/Application.php(299): Symfony\\Component\\Console\\Application->doRunCommand()
#37 /home/developer/Desktop/frame/vendor/symfony/console/Application.php(171): Symfony\\Component\\Console\\Application->doRun()
#38 /home/developer/Desktop/frame/vendor/laravel/framework/src/Illuminate/Console/Application.php(94): Symfony\\Component\\Console\\Application->run()
#39 /home/developer/Desktop/frame/vendor/laravel/framework/src/Illuminate/Foundation/Console/Kernel.php(129): Illuminate\\Console\\Application->run()
#40 /home/developer/Desktop/frame/artisan(37): Illuminate\\Foundation\\Console\\Kernel->handle()
#41 {main}
"} 
[2022-01-14 08:01:13] local.DEBUG: created category  
[2022-01-14 08:01:13] local.DEBUG: created category  
[2022-01-14 08:01:13] local.DEBUG: created category  
[2022-01-14 08:01:13] local.DEBUG: created category  
[2022-01-14 08:01:13] local.DEBUG: created category  
[2022-01-14 08:01:13] local.DEBUG: created category  
[2022-01-14 08:01:13] local.DEBUG: created category  
[2022-01-14 08:01:13] local.DEBUG: created category  
[2022-01-14 08:01:13] local.DEBUG: created category  
[2022-01-14 08:01:13] local.DEBUG: created category  
[2022-01-14 08:01:13] local.DEBUG: created category  
[2022-01-14 08:01:13] local.DEBUG: created category  
[2022-01-14 08:01:13] local.DEBUG: created category  
[2022-01-14 08:01:13] local.DEBUG: created category  
[2022-01-14 08:01:13] local.DEBUG: created category  
[2022-01-14 08:01:52] local.DEBUG: created category  
[2022-01-14 08:01:52] local.DEBUG: created category  
[2022-01-14 08:01:52] local.DEBUG: created category  
[2022-01-14 08:01:52] local.DEBUG: created category  
[2022-01-14 08:01:52] local.DEBUG: created category  
[2022-01-14 08:01:52] local.DEBUG: created category  
[2022-01-14 08:01:52] local.DEBUG: created category  
[2022-01-14 08:01:52] local.DEBUG: created category  
[2022-01-14 08:01:52] local.DEBUG: created category  
[2022-01-14 08:01:52] local.DEBUG: created category  
[2022-01-14 08:01:52] local.DEBUG: created category  
[2022-01-14 08:01:52] local.DEBUG: created category  
[2022-01-14 08:01:52] local.DEBUG: created category  
[2022-01-14 08:01:52] local.DEBUG: created category  
[2022-01-14 08:01:52] local.DEBUG: created category  
[2022-01-14 08:03:47] local.DEBUG: created category  
[2022-01-14 08:03:47] local.DEBUG: created category  
[2022-01-14 08:03:47] local.DEBUG: created category  
[2022-01-14 08:03:47] local.DEBUG: created category  
[2022-01-14 08:03:47] local.DEBUG: created category  
[2022-01-14 08:03:47] local.DEBUG: created category  
[2022-01-14 08:03:47] local.DEBUG: created category  
[2022-01-14 08:03:47] local.DEBUG: created category  
[2022-01-14 08:03:47] local.DEBUG: created category  
[2022-01-14 08:03:47] local.DEBUG: created category  
[2022-01-14 08:03:47] local.DEBUG: created category  
[2022-01-14 08:03:47] local.DEBUG: created category  
[2022-01-14 08:03:47] local.DEBUG: created category  
[2022-01-14 08:03:47] local.DEBUG: created category  
[2022-01-14 08:03:47] local.DEBUG: created category  
